E:\VS PROJECTS\OILDETECT513\DEBUG\OILDETECT.EXE
E:\VS PROJECTS\OILDETECT513\DEBUG\OILDETECT.ILK
E:\VS PROJECTS\OILDETECT513\DEBUG\OILDETECT.PDB
E:\VS PROJECTS\OILDETECT513\OILDETECT\DEBUG\B2DETECTOR.OBJ
E:\VS PROJECTS\OILDETECT513\OILDETECT\DEBUG\CDETECTOR_VER3.OBJ
E:\VS PROJECTS\OILDETECT513\OILDETECT\DEBUG\CIRCLEIMGPROCESSOR.OBJ
E:\VS PROJECTS\OILDETECT513\OILDETECT\DEBUG\CLASSIFIER.OBJ
E:\VS PROJECTS\OILDETECT513\OILDETECT\DEBUG\DETECTCIRCLEIMG.OBJ
E:\VS PROJECTS\OILDETECT513\OILDETECT\DEBUG\DETECTCONTEXT.OBJ
E:\VS PROJECTS\OILDETECT513\OILDETECT\DEBUG\DETECTEDGE.OBJ
E:\VS PROJECTS\OILDETECT513\OILDETECT\DEBUG\DETECTEDGETHREE.OBJ
E:\VS PROJECTS\OILDETECT513\OILDETECT\DEBUG\DETECTEDGETWO.OBJ
E:\VS PROJECTS\OILDETECT513\OILDETECT\DEBUG\DETECTMETALIMG.OBJ
E:\VS PROJECTS\OILDETECT513\OILDETECT\DEBUG\DETECTRAGIONSCONTEXT.OBJ
E:\VS PROJECTS\OILDETECT513\OILDETECT\DEBUG\DETECTSTICKIMG.OBJ
E:\VS PROJECTS\OILDETECT513\OILDETECT\DEBUG\DETECTVALUEREGIONS.OBJ
E:\VS PROJECTS\OILDETECT513\OILDETECT\DEBUG\DLLFUNCTION.OBJ
E:\VS PROJECTS\OILDETECT513\OILDETECT\DEBUG\IMGPROCESSOR.OBJ
E:\VS PROJECTS\OILDETECT513\OILDETECT\DEBUG\IMGPROCESSORCONTEXT.OBJ
E:\VS PROJECTS\OILDETECT513\OILDETECT\DEBUG\INSDETECTOR.OBJ
E:\VS PROJECTS\OILDETECT513\OILDETECT\DEBUG\MAIN.OBJ
E:\VS PROJECTS\OILDETECT513\OILDETECT\DEBUG\METALIMGPROCESSOR.OBJ
E:\VS PROJECTS\OILDETECT513\OILDETECT\DEBUG\OILDETECT.EXE.EMBED.MANIFEST
E:\VS PROJECTS\OILDETECT513\OILDETECT\DEBUG\OILDETECT.EXE.EMBED.MANIFEST.RES
E:\VS PROJECTS\OILDETECT513\OILDETECT\DEBUG\OILDETECT.EXE.INTERMEDIATE.MANIFEST
E:\VS PROJECTS\OILDETECT513\OILDETECT\DEBUG\ONTICIMGPROCESSOR.OBJ
E:\VS PROJECTS\OILDETECT513\OILDETECT\DEBUG\RESULTOFDETECT.OBJ
E:\VS PROJECTS\OILDETECT513\OILDETECT\DEBUG\SEGMENTBASE.OBJ
E:\VS PROJECTS\OILDETECT513\OILDETECT\DEBUG\SEGMENTCONTEXT.OBJ
E:\VS PROJECTS\OILDETECT513\OILDETECT\DEBUG\STICKIMGPROCESSOR.OBJ
E:\VS PROJECTS\OILDETECT513\OILDETECT\DEBUG\THRESHOLDOTSU.OBJ
E:\VS PROJECTS\OILDETECT513\OILDETECT\DEBUG\UTIL.OBJ
E:\VS PROJECTS\OILDETECT513\OILDETECT\DEBUG\VC100.PDB
E:\VS PROJECTS\OILDETECT516\DEBUG\OILDETECT.EXE
E:\VS PROJECTS\OILDETECT516\DEBUG\OILDETECT.ILK
E:\VS PROJECTS\OILDETECT516\DEBUG\OILDETECT.PDB
E:\VS PROJECTS\OILDETECT516\OILDETECT\DEBUG\B2DETECTOR.OBJ
E:\VS PROJECTS\OILDETECT516\OILDETECT\DEBUG\CDETECTOR_VER3.OBJ
E:\VS PROJECTS\OILDETECT516\OILDETECT\DEBUG\CIRCLEIMGPROCESSOR.OBJ
E:\VS Projects\oilDetect516\oilDetect\Debug\cl.command.1.tlog
E:\VS Projects\oilDetect516\oilDetect\Debug\CL.read.1.tlog
E:\VS Projects\oilDetect516\oilDetect\Debug\CL.write.1.tlog
E:\VS PROJECTS\OILDETECT516\OILDETECT\DEBUG\CLASSIFIER.OBJ
E:\VS PROJECTS\OILDETECT516\OILDETECT\DEBUG\DETECTCIRCLEIMG.OBJ
E:\VS PROJECTS\OILDETECT516\OILDETECT\DEBUG\DETECTCONTEXT.OBJ
E:\VS PROJECTS\OILDETECT516\OILDETECT\DEBUG\DETECTEDGE.OBJ
E:\VS PROJECTS\OILDETECT516\OILDETECT\DEBUG\DETECTEDGETHREE.OBJ
E:\VS PROJECTS\OILDETECT516\OILDETECT\DEBUG\DETECTEDGETWO.OBJ
E:\VS PROJECTS\OILDETECT516\OILDETECT\DEBUG\DETECTMETALIMG.OBJ
E:\VS PROJECTS\OILDETECT516\OILDETECT\DEBUG\DETECTRAGIONSCONTEXT.OBJ
E:\VS PROJECTS\OILDETECT516\OILDETECT\DEBUG\DETECTSTICKIMG.OBJ
E:\VS PROJECTS\OILDETECT516\OILDETECT\DEBUG\DETECTVALUEREGIONS.OBJ
E:\VS PROJECTS\OILDETECT516\OILDETECT\DEBUG\DLLFUNCTION.OBJ
E:\VS PROJECTS\OILDETECT516\OILDETECT\DEBUG\IMGPROCESSOR.OBJ
E:\VS PROJECTS\OILDETECT516\OILDETECT\DEBUG\IMGPROCESSORCONTEXT.OBJ
E:\VS PROJECTS\OILDETECT516\OILDETECT\DEBUG\INSDETECTOR.OBJ
E:\VS Projects\oilDetect516\oilDetect\Debug\link.1704.read.1.tlog
E:\VS Projects\oilDetect516\oilDetect\Debug\link.1704.write.1.tlog
E:\VS Projects\oilDetect516\oilDetect\Debug\link.1704-cvtres.read.1.tlog
E:\VS Projects\oilDetect516\oilDetect\Debug\link.1704-cvtres.write.1.tlog
E:\VS Projects\oilDetect516\oilDetect\Debug\link.1972.read.1.tlog
E:\VS Projects\oilDetect516\oilDetect\Debug\link.1972.write.1.tlog
E:\VS Projects\oilDetect516\oilDetect\Debug\link.1972-cvtres.read.1.tlog
E:\VS Projects\oilDetect516\oilDetect\Debug\link.1972-cvtres.write.1.tlog
E:\VS Projects\oilDetect516\oilDetect\Debug\link.3716.read.1.tlog
E:\VS Projects\oilDetect516\oilDetect\Debug\link.3716.write.1.tlog
E:\VS Projects\oilDetect516\oilDetect\Debug\link.3716-cvtres.read.1.tlog
E:\VS Projects\oilDetect516\oilDetect\Debug\link.3716-cvtres.write.1.tlog
E:\VS Projects\oilDetect516\oilDetect\Debug\link.4516.read.1.tlog
E:\VS Projects\oilDetect516\oilDetect\Debug\link.4516.write.1.tlog
E:\VS Projects\oilDetect516\oilDetect\Debug\link.4516-cvtres.read.1.tlog
E:\VS Projects\oilDetect516\oilDetect\Debug\link.4516-cvtres.write.1.tlog
E:\VS Projects\oilDetect516\oilDetect\Debug\link.command.1.tlog
E:\VS Projects\oilDetect516\oilDetect\Debug\link.read.1.tlog
E:\VS Projects\oilDetect516\oilDetect\Debug\link.write.1.tlog
E:\VS Projects\oilDetect516\oilDetect\Debug\link-cvtres.read.1.tlog
E:\VS Projects\oilDetect516\oilDetect\Debug\link-cvtres.write.1.tlog
E:\VS PROJECTS\OILDETECT516\OILDETECT\DEBUG\MAIN.OBJ
E:\VS PROJECTS\OILDETECT516\OILDETECT\DEBUG\METALIMGPROCESSOR.OBJ
E:\VS Projects\oilDetect516\oilDetect\Debug\mt.command.1.tlog
E:\VS Projects\oilDetect516\oilDetect\Debug\mt.read.1.tlog
E:\VS Projects\oilDetect516\oilDetect\Debug\mt.write.1.tlog
E:\VS Projects\oilDetect516\oilDetect\Debug\oilDetect.exe.embed.manifest
E:\VS PROJECTS\OILDETECT516\OILDETECT\DEBUG\OILDETECT.EXE.EMBED.MANIFEST.RES
E:\VS PROJECTS\OILDETECT516\OILDETECT\DEBUG\OILDETECT.EXE.INTERMEDIATE.MANIFEST
E:\VS Projects\oilDetect516\oilDetect\Debug\oilDetect_manifest.rc
E:\VS PROJECTS\OILDETECT516\OILDETECT\DEBUG\ONTICIMGPROCESSOR.OBJ
E:\VS Projects\oilDetect516\oilDetect\Debug\rc.command.1.tlog
E:\VS Projects\oilDetect516\oilDetect\Debug\rc.read.1.tlog
E:\VS Projects\oilDetect516\oilDetect\Debug\rc.write.1.tlog
E:\VS PROJECTS\OILDETECT516\OILDETECT\DEBUG\RESULTOFDETECT.OBJ
E:\VS PROJECTS\OILDETECT516\OILDETECT\DEBUG\SEGMENTBASE.OBJ
E:\VS PROJECTS\OILDETECT516\OILDETECT\DEBUG\SEGMENTCONTEXT.OBJ
E:\VS PROJECTS\OILDETECT516\OILDETECT\DEBUG\STICKIMGPROCESSOR.OBJ
E:\VS PROJECTS\OILDETECT516\OILDETECT\DEBUG\THRESHOLDOTSU.OBJ
E:\VS PROJECTS\OILDETECT516\OILDETECT\DEBUG\UTIL.OBJ
E:\VS Projects\oilDetect516\oilDetect\Debug\vc100.idb
E:\VS PROJECTS\OILDETECT516\OILDETECT\DEBUG\VC100.PDB
