生成启动时间为 2016-6-3 14:55:51。
     1>项目“E:\VS Projects\oilDetect516\oilDetect\oilDetect.vcxproj”在节点 2 上(build 个目标)。
     1>InitializeBuildStatus:
         正在创建“Debug\oilDetect.unsuccessfulbuild”，因为已指定“AlwaysCreate”。
       ClCompile:
         E:\Program Files\VS2010\VC\bin\CL.exe /c /ZI /nologo /W3 /WX- /Od /Oy- /D WIN32 /D _DEBUG /D _CONSOLE /D _UNICODE /D UNICODE /Gm /EHsc /RTC1 /MDd /GS /fp:precise /Zc:wchar_t /Zc:forScope /Fo"Debug\\" /Fd"Debug\vc100.pdb" /Gd /TP /analyze- /errorReport:prompt main.cpp
         main.cpp
     1>e:\vs projects\oildetect516\oildetect\main.cpp(17): warning C4305: “初始化”: 从“double”到“float”截断
     1>e:\vs projects\oildetect516\oildetect\main.cpp(54): warning C4305: “=”: 从“double”到“float”截断
     1>e:\vs projects\oildetect516\oildetect\main.cpp(96): warning C4244: “=”: 从“double”转换到“int”，可能丢失数据
     1>e:\vs projects\oildetect516\oildetect\main.cpp(97): warning C4244: “=”: 从“double”转换到“int”，可能丢失数据
       ManifestResourceCompile:
         所有输出均为最新。
       Link:
         E:\Program Files\VS2010\VC\bin\link.exe /ERRORREPORT:PROMPT /OUT:"E:\VS Projects\oilDetect516\Debug\oilDetect.exe" /INCREMENTAL /NOLOGO opencv_calib3d2411d.lib opencv_contrib2411d.lib opencv_core2411d.lib opencv_features2d2411d.lib opencv_flann2411d.lib opencv_gpu2411d.lib opencv_highgui2411d.lib opencv_imgproc2411d.lib opencv_legacy2411d.lib opencv_ml2411d.lib opencv_nonfree2411d.lib opencv_objdetect2411d.lib opencv_ocl2411d.lib opencv_photo2411d.lib opencv_stitching2411d.lib opencv_superres2411d.lib opencv_ts2411d.lib opencv_video2411d.lib opencv_videostab2411d.lib /MANIFEST /ManifestFile:"Debug\oilDetect.exe.intermediate.manifest" /MANIFESTUAC:"level='asInvoker' uiAccess='false'" /DEBUG /PDB:"E:\VS Projects\oilDetect516\Debug\oilDetect.pdb" /SUBSYSTEM:CONSOLE /TLBID:1 /DYNAMICBASE /NXCOMPAT /IMPLIB:"E:\VS Projects\oilDetect516\Debug\oilDetect.lib" /MACHINE:X86 Debug\oilDetect.exe.embed.manifest.res
         Debug\b2detector.obj
         Debug\Cdetector_ver3.obj
         Debug\CircleImgProcessor.obj
         Debug\classifier.obj
         Debug\DetectCircleImg.obj
         Debug\DetectContext.obj
         Debug\DetectEdge.obj
         Debug\DetectEdgeThree.obj
         Debug\DetectEdgeTwo.obj
         Debug\DetectMetalImg.obj
         Debug\DetectRagionsContext.obj
         Debug\DetectStickImg.obj
         Debug\DetectValueRegions.obj
         Debug\dllfunction.obj
         Debug\ImgProcessor.obj
         Debug\ImgProcessorContext.obj
         Debug\InsDetector.obj
         Debug\main.obj
         Debug\MetalImgProcessor.obj
         Debug\OnticImgProcessor.obj
         Debug\ResultOfDetect.obj
         Debug\SegmentBase.obj
         Debug\SegmentContext.obj
         Debug\StickImgProcessor.obj
         Debug\ThresholdOtsu.obj
         Debug\Util.obj
       Manifest:
         C:\Program Files\Microsoft SDKs\Windows\v7.0A\bin\mt.exe /nologo /verbose /out:"Debug\oilDetect.exe.embed.manifest" /manifest Debug\oilDetect.exe.intermediate.manifest
         所有输出均为最新。
       LinkEmbedManifest:
         所有输出均为最新。
         oilDetect.vcxproj -> E:\VS Projects\oilDetect516\Debug\oilDetect.exe
       FinalizeBuildStatus:
         正在删除文件“Debug\oilDetect.unsuccessfulbuild”。
         正在对“Debug\oilDetect.lastbuildstate”执行 Touch 任务。
     1>已完成生成项目“E:\VS Projects\oilDetect516\oilDetect\oilDetect.vcxproj”(build 个目标)的操作。

生成成功。

已用时间 00:00:03.73
