E:\VS PROJECTS\OILDETECT516\OILDETECT\DEBUG\B2DETECTOR.OBJ
E:\VS PROJECTS\OILDETECT516\OILDETECT\DEBUG\CDETECTOR_VER3.OBJ
E:\VS PROJECTS\OILDETECT516\OILDETECT\DEBUG\CIRCLEIMGPROCESSOR.OBJ
E:\VS Projects\oilDetect516\oilDetect\Debug\cl.command.1.tlog
E:\VS Projects\oilDetect516\oilDetect\Debug\CL.read.1.tlog
E:\VS Projects\oilDetect516\oilDetect\Debug\CL.write.1.tlog
E:\VS PROJECTS\OILDETECT516\OILDETECT\DEBUG\CLASSIFIER.OBJ
E:\VS PROJECTS\OILDETECT516\OILDETECT\DEBUG\DETECTCIRCLEIMG.OBJ
E:\VS PROJECTS\OILDETECT516\OILDETECT\DEBUG\DETECTCONTEXT.OBJ
E:\VS PROJECTS\OILDETECT516\OILDETECT\DEBUG\DETECTEDGE.OBJ
E:\VS PROJECTS\OILDETECT516\OILDETECT\DEBUG\DETECTEDGETHREE.OBJ
E:\VS PROJECTS\OILDETECT516\OILDETECT\DEBUG\DETECTEDGETWO.OBJ
E:\VS PROJECTS\OILDETECT516\OILDETECT\DEBUG\DETECTMETALIMG.OBJ
E:\VS PROJECTS\OILDETECT516\OILDETECT\DEBUG\DETECTRAGIONSCONTEXT.OBJ
E:\VS PROJECTS\OILDETECT516\OILDETECT\DEBUG\DETECTSTICKIMG.OBJ
E:\VS PROJECTS\OILDETECT516\OILDETECT\DEBUG\DETECTVALUEREGIONS.OBJ
E:\VS PROJECTS\OILDETECT516\OILDETECT\DEBUG\DLLFUNCTION.OBJ
E:\VS PROJECTS\OILDETECT516\OILDETECT\DEBUG\IMGPROCESSOR.OBJ
E:\VS PROJECTS\OILDETECT516\OILDETECT\DEBUG\IMGPROCESSORCONTEXT.OBJ
E:\VS PROJECTS\OILDETECT516\OILDETECT\DEBUG\INSDETECTOR.OBJ
E:\VS PROJECTS\OILDETECT516\OILDETECT\DEBUG\MAIN.OBJ
E:\VS PROJECTS\OILDETECT516\OILDETECT\DEBUG\METALIMGPROCESSOR.OBJ
E:\VS PROJECTS\OILDETECT516\OILDETECT\DEBUG\ONTICIMGPROCESSOR.OBJ
E:\VS PROJECTS\OILDETECT516\OILDETECT\DEBUG\RESULTOFDETECT.OBJ
E:\VS PROJECTS\OILDETECT516\OILDETECT\DEBUG\SEGMENTBASE.OBJ
E:\VS PROJECTS\OILDETECT516\OILDETECT\DEBUG\SEGMENTCONTEXT.OBJ
E:\VS PROJECTS\OILDETECT516\OILDETECT\DEBUG\STICKIMGPROCESSOR.OBJ
E:\VS PROJECTS\OILDETECT516\OILDETECT\DEBUG\THRESHOLDOTSU.OBJ
E:\VS PROJECTS\OILDETECT516\OILDETECT\DEBUG\UTIL.OBJ
E:\VS Projects\oilDetect516\oilDetect\Debug\vc100.idb
E:\VS PROJECTS\OILDETECT516\OILDETECT\DEBUG\VC100.PDB
